[2025-08-31 19:42:58] ApexTallyBackup Manager started successfully
[2025-08-31 19:42:58] Updating status information...
[2025-08-31 19:42:58] Email found: apexaburoad@gmail.com
[2025-08-31 19:42:59] Status update completed
[2025-08-31 19:42:59] GUI application started successfully!
[2025-08-31 19:43:00] Opening expiry setup dialog...
[2025-08-31 19:43:03] Application shutdown complete
[2025-08-31 20:59:58] ApexTallyBackup Manager started successfully
[2025-08-31 20:59:58] Updating status information...
[2025-08-31 20:59:58] No credentials file found
[2025-08-31 20:59:58] GUI application started successfully!
[2025-08-31 21:00:14] Opening expiry setup dialog...
[2025-08-31 21:00:17] Opening credential setup dialog...
[2025-08-31 21:00:32] Credentials saved successfully
[2025-08-31 21:00:33] Updating status information...
[2025-08-31 21:00:33] Email found: aysbeawar@rediff.com
[2025-08-31 21:00:33] Status update completed
[2025-08-31 21:00:40] Opening expiry setup dialog...
[2025-08-31 21:00:46] Expiry date saved: 05/09/2025
[2025-08-31 21:00:47] Updating status information...
[2025-08-31 21:00:47] Email found: aysbeawar@rediff.com
[2025-08-31 21:00:47] Status update completed
[2025-08-31 21:00:50] Opening expiry setup dialog...
[2025-08-31 21:00:59] Invalid date format entered: 05-092025
[2025-08-31 21:01:04] Expiry date saved: 05/09/2025
[2025-08-31 21:01:05] Updating status information...
[2025-08-31 21:01:05] Email found: aysbeawar@rediff.com
[2025-08-31 21:01:05] Status update completed
[2025-08-31 21:01:07] Opening expiry setup dialog...
[2025-08-31 21:01:15] Expiry date saved: 05/09/2025
[2025-08-31 21:01:16] Updating status information...
[2025-08-31 21:01:16] Email found: aysbeawar@rediff.com
[2025-08-31 21:01:16] Status update completed
[2025-08-31 21:01:23] Application shutdown complete
[2025-08-31 21:45:41] ApexTallyBackup Manager started successfully
[2025-08-31 21:45:41] Updating status information...
[2025-08-31 21:45:41] Email found: aysbeawar@rediff.com
[2025-08-31 21:45:41] Status update completed
[2025-08-31 21:45:41] GUI application started successfully!
[2025-08-31 21:45:42] Application shutdown complete
